SF:lib/core/errors/failure.dart
DA:4,5
DA:10,0
DA:12,0
DA:13,0
DA:14,0
DA:15,0
DA:18,0
DA:19,0
DA:20,0
DA:21,0
DA:22,0
DA:23,0
DA:27,0
DA:28,0
DA:32,0
DA:33,0
DA:37,0
DA:38,0
DA:41,0
DA:42,0
DA:46,0
DA:48,0
DA:51,0
DA:52,0
DA:53,0
DA:54,0
DA:55,0
DA:60,0
DA:61,0
DA:62,0
LF:30
LH:1
end_of_record
SF:lib/features/mainLayout/tabs/orders/domain/entity/reponses/meta_data_entity.dart
DA:2,4
LF:1
LH:1
end_of_record
SF:lib/core/errors/api_results.dart
DA:6,5
DA:11,5
LF:2
LH:2
end_of_record
SF:lib/features/mainLayout/tabs/orders/domain/entity/reponses/driver_orders_response_entity.dart
DA:6,4
LF:1
LH:1
end_of_record
SF:lib/features/mainLayout/tabs/orders/domain/entity/reponses/product_data_entity.dart
DA:2,4
DA:12,4
LF:2
LH:2
end_of_record
SF:lib/features/mainLayout/tabs/orders/data/repositories/orders_repo_impl.dart
DA:10,1
DA:14,1
DA:16,2
DA:19,1
DA:21,2
LF:5
LH:5
end_of_record
SF:lib/core/functions/execute_api.dart
DA:5,1
DA:10,1
DA:12,0
DA:14,2
DA:15,1
DA:16,0
DA:17,0
DA:20,1
DA:21,2
LF:9
LH:6
end_of_record
SF:lib/features/mainLayout/tabs/orders/api/client/orders_api_service.g.dart
DA:14,0
DA:22,0
DA:24,0
DA:25,0
DA:26,0
DA:28,0
DA:29,0
DA:30,0
DA:31,0
DA:36,0
DA:38,0
DA:41,0
DA:43,0
DA:49,0
DA:51,0
DA:52,0
DA:53,0
DA:55,0
DA:56,0
DA:57,0
DA:58,0
DA:59,0
DA:63,0
DA:65,0
DA:68,0
DA:70,0
DA:76,0
DA:77,0
DA:78,0
DA:79,0
DA:80,0
DA:81,0
DA:83,0
DA:89,0
DA:90,0
DA:94,0
DA:96,0
DA:97,0
DA:100,0
LF:39
LH:0
end_of_record
SF:lib/features/mainLayout/tabs/orders/api/models/reponses/driver_orders_response_dto.dart
DA:10,1
DA:16,0
DA:17,0
DA:26,0
DA:27,0
LF:5
LH:1
end_of_record
SF:lib/features/mainLayout/tabs/orders/api/models/reponses/driver_orders_response_dto.g.dart
DA:9,0
DA:11,0
DA:12,0
DA:13,0
DA:15,0
DA:16,0
DA:17,0
DA:18,0
DA:21,0
DA:23,0
DA:24,0
DA:25,0
DA:26,0
LF:13
LH:0
end_of_record
SF:lib/features/mainLayout/tabs/orders/api/models/reponses/product_data_dto.dart
DA:8,1
DA:13,0
DA:14,0
DA:21,0
DA:22,0
DA:29,1
DA:38,0
DA:39,0
DA:54,0
DA:55,0
LF:10
LH:2
end_of_record
SF:lib/features/mainLayout/tabs/orders/api/models/reponses/product_data_dto.g.dart
DA:9,0
DA:10,0
DA:11,0
DA:12,0
DA:14,0
DA:17,0
DA:18,0
DA:20,0
DA:21,0
DA:22,0
DA:23,0
DA:24,0
DA:25,0
DA:26,0
DA:27,0
DA:30,0
DA:31,0
DA:32,0
DA:33,0
DA:34,0
DA:35,0
DA:36,0
DA:37,0
LF:23
LH:0
end_of_record
SF:lib/features/mainLayout/tabs/orders/api/dataSource/orders_remote_data_source_impl.dart
DA:14,1
DA:18,1
DA:20,1
DA:21,3
DA:22,2
DA:26,1
DA:28,1
DA:29,3
DA:30,2
LF:9
LH:9
end_of_record
SF:lib/features/mainLayout/tabs/orders/api/mapper/driver_orders_dto_mapper.dart
DA:7,1
DA:8,1
DA:9,1
DA:10,2
DA:11,3
LF:5
LH:5
end_of_record
SF:lib/features/mainLayout/tabs/orders/api/mapper/product_data_dto_mapper.dart
DA:6,1
DA:7,1
DA:8,1
DA:9,2
LF:4
LH:4
end_of_record
SF:lib/features/mainLayout/tabs/orders/api/mapper/all_orders_dto_mapper.dart
DA:7,0
DA:8,0
DA:9,0
DA:10,0
DA:11,0
DA:12,0
DA:13,0
DA:14,0
LF:8
LH:0
end_of_record
SF:lib/features/mainLayout/tabs/orders/api/mapper/order_dto_mapper.dart
DA:9,0
DA:10,0
DA:11,0
DA:12,0
DA:13,0
DA:14,0
DA:15,0
DA:16,0
DA:17,0
DA:18,0
DA:19,0
DA:20,0
DA:21,0
LF:13
LH:0
end_of_record
SF:lib/features/mainLayout/tabs/orders/api/mapper/store_dto_mapper.dart
DA:5,0
DA:6,0
DA:7,0
DA:8,0
DA:9,0
DA:10,0
DA:11,0
LF:7
LH:0
end_of_record
SF:lib/features/mainLayout/tabs/orders/api/models/reponses/all_orders_dto.dart
DA:10,0
DA:11,0
DA:14,0
DA:35,0
DA:36,0
LF:5
LH:0
end_of_record
SF:lib/features/mainLayout/tabs/orders/api/models/reponses/all_orders_dto.g.dart
DA:9,0
DA:10,0
DA:11,0
DA:12,0
DA:14,0
DA:15,0
DA:16,0
DA:17,0
DA:19,0
DA:22,0
DA:23,0
DA:24,0
DA:25,0
DA:26,0
DA:27,0
DA:28,0
DA:29,0
LF:17
LH:0
end_of_record
SF:lib/features/mainLayout/tabs/orders/domain/entity/reponses/all_orders_entity.dart
DA:5,1
LF:1
LH:1
end_of_record
SF:lib/features/mainLayout/tabs/orders/api/mapper/meta_data_dto_mapper.dart
DA:5,1
DA:6,1
DA:7,1
DA:8,1
DA:9,1
DA:10,1
LF:6
LH:6
end_of_record
SF:lib/features/mainLayout/tabs/orders/api/models/reponses/meta_data_dto.dart
DA:7,1
DA:14,0
DA:15,0
DA:26,0
DA:27,0
LF:5
LH:1
end_of_record
SF:lib/features/mainLayout/tabs/orders/api/models/reponses/meta_data_dto.g.dart
DA:9,0
DA:10,0
DA:11,0
DA:12,0
DA:13,0
DA:16,0
DA:17,0
DA:18,0
DA:19,0
DA:20,0
DA:21,0
LF:11
LH:0
end_of_record
SF:lib/features/mainLayout/tabs/orders/api/mapper/order_items_dto_mapper.dart
DA:6,0
DA:7,0
DA:8,0
DA:9,0
DA:10,0
DA:11,0
LF:6
LH:0
end_of_record
SF:lib/features/mainLayout/tabs/orders/api/mapper/user_dto_mapper.dart
DA:5,0
DA:6,0
DA:7,0
DA:8,0
DA:9,0
DA:10,0
DA:11,0
DA:12,0
DA:13,0
DA:14,0
LF:10
LH:0
end_of_record
SF:lib/features/mainLayout/tabs/orders/api/models/reponses/order_dto.dart
DA:11,0
DA:25,0
DA:26,0
DA:51,0
DA:52,0
LF:5
LH:0
end_of_record
SF:lib/features/mainLayout/tabs/orders/api/models/reponses/order_dto.g.dart
DA:9,0
DA:10,0
DA:11,0
DA:13,0
DA:14,0
DA:15,0
DA:16,0
DA:17,0
DA:18,0
DA:19,0
DA:20,0
DA:21,0
DA:22,0
DA:23,0
DA:24,0
DA:27,0
DA:28,0
DA:29,0
DA:30,0
DA:31,0
DA:32,0
DA:33,0
DA:34,0
DA:35,0
DA:36,0
DA:37,0
DA:38,0
LF:27
LH:0
end_of_record
SF:lib/features/mainLayout/tabs/orders/api/models/reponses/order_items_dto.dart
DA:9,0
DA:16,0
DA:17,0
DA:28,0
DA:29,0
LF:5
LH:0
end_of_record
SF:lib/features/mainLayout/tabs/orders/api/models/reponses/order_items_dto.g.dart
DA:9,0
DA:10,0
DA:11,0
DA:13,0
DA:14,0
DA:15,0
DA:16,0
DA:19,0
DA:20,0
DA:21,0
DA:22,0
DA:23,0
DA:24,0
LF:13
LH:0
end_of_record
SF:lib/features/mainLayout/tabs/orders/domain/entity/reponses/order_entity.dart
DA:5,1
LF:1
LH:1
end_of_record
SF:lib/features/mainLayout/tabs/orders/domain/entity/reponses/order_items_entity.dart
DA:4,0
LF:1
LH:0
end_of_record
SF:lib/features/mainLayout/tabs/orders/api/mapper/product_dto_mapper.dart
DA:5,0
DA:6,0
DA:7,0
DA:8,0
LF:4
LH:0
end_of_record
SF:lib/features/mainLayout/tabs/orders/api/mapper/product_item_dto_mapper.dart
DA:5,1
DA:6,1
DA:7,1
DA:8,1
DA:9,1
DA:10,1
DA:11,1
DA:12,1
LF:8
LH:8
end_of_record
SF:lib/features/mainLayout/tabs/orders/api/models/reponses/product_dto.dart
DA:8,0
DA:13,0
DA:14,0
DA:21,0
DA:22,0
LF:5
LH:0
end_of_record
SF:lib/features/mainLayout/tabs/orders/api/models/reponses/product_dto.g.dart
DA:9,0
DA:10,0
DA:11,0
DA:14,0
DA:15,0
LF:5
LH:0
end_of_record
SF:lib/features/mainLayout/tabs/orders/domain/entity/reponses/product_entity.dart
DA:2,0
LF:1
LH:0
end_of_record
SF:lib/features/mainLayout/tabs/orders/api/models/reponses/store_dto.dart
DA:9,0
DA:17,0
DA:18,0
DA:31,0
DA:32,0
LF:5
LH:0
end_of_record
SF:lib/features/mainLayout/tabs/orders/api/models/reponses/store_dto.g.dart
DA:9,0
DA:10,0
DA:11,0
DA:12,0
DA:13,0
DA:14,0
DA:17,0
DA:18,0
DA:19,0
DA:20,0
DA:21,0
DA:22,0
LF:12
LH:0
end_of_record
SF:lib/features/mainLayout/tabs/orders/domain/entity/reponses/store_entity.dart
DA:2,0
LF:1
LH:0
end_of_record
SF:lib/features/mainLayout/tabs/orders/api/models/reponses/user_dto.dart
DA:8,0
DA:19,0
DA:20,0
DA:39,0
DA:40,0
LF:5
LH:0
end_of_record
SF:lib/features/mainLayout/tabs/orders/api/models/reponses/user_dto.g.dart
DA:9,0
DA:10,0
DA:11,0
DA:12,0
DA:13,0
DA:14,0
DA:15,0
DA:16,0
DA:17,0
DA:20,0
DA:21,0
DA:22,0
DA:23,0
DA:24,0
DA:25,0
DA:26,0
DA:27,0
DA:28,0
LF:18
LH:0
end_of_record
SF:lib/features/mainLayout/tabs/orders/domain/entity/reponses/user_entity.dart
DA:2,0
LF:1
LH:0
end_of_record
SF:lib/features/mainLayout/tabs/orders/domain/useCases/driver_orders_use_case.dart
DA:8,1
DA:12,1
DA:13,2
LF:3
LH:3
end_of_record
SF:lib/features/mainLayout/tabs/orders/domain/useCases/get_product_use_case.dart
DA:8,1
DA:12,1
DA:13,2
LF:3
LH:3
end_of_record
SF:lib/features/mainLayout/tabs/orders/presentation/viewModels/orders_event.dart
DA:5,1
LF:1
LH:1
end_of_record
SF:lib/features/mainLayout/tabs/orders/presentation/viewModels/orders_states.dart
DA:9,2
DA:22,1
DA:23,1
DA:24,1
DA:25,1
DA:26,1
DA:27,1
DA:30,1
DA:36,1
DA:37,0
DA:38,1
DA:40,1
DA:41,1
LF:13
LH:12
end_of_record
SF:lib/features/mainLayout/tabs/orders/presentation/viewModels/orders_view_model.dart
DA:13,1
DA:14,1
DA:21,1
DA:23,1
DA:24,1
DA:25,1
DA:26,2
DA:30,1
DA:31,3
DA:32,2
DA:34,1
DA:35,1
DA:36,3
DA:37,3
DA:38,2
DA:39,3
DA:40,2
DA:43,1
DA:44,2
DA:52,1
DA:53,4
DA:58,1
DA:59,2
DA:61,1
DA:62,1
DA:63,1
DA:64,2
DA:70,1
DA:71,4
LF:29
LH:29
end_of_record
