SF:lib/core/aiLayer/factories/ai_data_source_factory.dart
DA:8,3
DA:10,3
DA:12,3
DA:13,3
DA:15,3
LF:5
LH:5
end_of_record
SF:lib/core/errors/api_results.dart
DA:6,29
DA:11,23
LF:2
LH:2
end_of_record
SF:lib/core/aiLayer/data/repositories/ai_repo_impl.dart
DA:12,2
DA:15,2
DA:20,4
DA:23,2
DA:30,4
DA:33,2
DA:34,4
LF:7
LH:7
end_of_record
SF:lib/core/aiLayer/domain/useCases/generate_text_use_case.dart
DA:8,2
DA:11,2
DA:15,4
LF:3
LH:3
end_of_record
SF:lib/core/aiLayer/domain/useCases/validate_data_use_case.dart
DA:10,2
DA:13,2
DA:19,4
LF:3
LH:3
end_of_record
SF:lib/core/errors/failure.dart
DA:5,23
DA:12,9
DA:14,4
DA:15,4
DA:16,4
DA:17,1
DA:20,3
DA:21,0
DA:22,3
DA:23,0
DA:24,3
DA:25,0
DA:29,3
DA:30,0
DA:34,3
DA:35,1
DA:39,2
DA:40,2
DA:43,0
DA:44,0
DA:48,0
DA:50,0
DA:53,0
DA:54,0
DA:55,0
DA:56,0
DA:57,0
DA:62,0
DA:63,0
DA:64,0
DA:71,1
DA:73,1
DA:74,1
DA:75,1
DA:76,0
DA:80,1
DA:81,0
DA:85,1
DA:86,0
DA:90,1
DA:91,0
DA:95,1
DA:96,0
DA:100,1
DA:101,0
DA:105,1
DA:106,0
DA:110,1
DA:111,0
DA:116,1
DA:117,1
DA:121,0
DA:122,0
DA:127,0
DA:128,0
DA:132,0
DA:133,0
DA:137,0
DA:138,0
DA:142,0
DA:143,0
DA:147,0
DA:148,0
DA:152,0
DA:153,0
DA:157,0
DA:158,0
DA:162,0
DA:163,0
DA:169,0
DA:171,0
DA:172,0
LF:72
LH:27
end_of_record
SF:lib/core/aiLayer/data/dataSource/ai_gemini_remote_data_source_impl.dart
DA:17,0
DA:20,0
DA:21,0
DA:23,0
DA:24,0
DA:25,0
DA:26,0
DA:30,0
DA:37,0
DA:38,0
DA:39,0
DA:41,0
DA:42,0
DA:43,0
DA:44,0
LF:15
LH:0
end_of_record
SF:lib/core/functions/image_fixer.dart
DA:1,1
DA:2,1
DA:5,1
DA:6,1
LF:4
LH:4
end_of_record
SF:lib/core/functions/validators.dart
DA:4,1
DA:5,1
DA:7,1
DA:13,1
DA:14,1
DA:16,1
DA:22,1
DA:23,1
DA:25,1
DA:31,1
DA:35,1
DA:37,1
DA:39,1
DA:45,1
DA:46,1
DA:48,1
DA:54,1
DA:55,2
DA:57,3
DA:59,3
DA:65,1
DA:66,2
DA:72,1
DA:73,2
DA:80,1
DA:81,2
DA:85,3
DA:86,2
DA:90,2
DA:97,0
DA:98,0
DA:101,0
DA:104,0
DA:110,0
DA:111,0
DA:117,0
DA:118,0
DA:124,0
DA:125,0
LF:39
LH:29
end_of_record
SF:lib/core/helpers/regex.dart
DA:2,2
DA:3,4
DA:6,2
DA:7,4
DA:10,2
DA:11,4
DA:12,4
DA:15,1
DA:16,2
DA:19,2
DA:20,2
DA:22,2
LF:12
LH:12
end_of_record
SF:lib/core/functions/execute_api.dart
DA:5,5
DA:10,5
DA:12,2
DA:14,8
DA:15,5
DA:16,3
DA:17,3
DA:20,4
DA:21,8
LF:9
LH:9
end_of_record
SF:lib/core/functions/snack_bar.dart
DA:5,1
DA:13,1
DA:18,1
DA:19,4
DA:23,1
DA:31,1
DA:32,1
DA:33,1
LF:8
LH:8
end_of_record
SF:lib/core/functions/date_formater.dart
DA:3,1
DA:4,1
DA:5,1
LF:3
LH:3
end_of_record
SF:lib/core/functions/open_whatsapp.dart
DA:3,1
DA:4,1
DA:5,2
DA:8,1
DA:9,1
DA:11,1
DA:12,2
DA:14,1
LF:8
LH:8
end_of_record
SF:lib/core/di/di.dart
DA:5,3
DA:7,0
DA:12,0
LF:3
LH:1
end_of_record
SF:lib/core/functions/execute_navigation.dart
DA:6,1
DA:7,2
DA:8,1
DA:10,2
LF:4
LH:4
end_of_record
SF:lib/core/classes/remote_executor.dart
DA:18,1
DA:24,1
DA:27,1
DA:30,1
DA:31,1
DA:32,1
DA:33,2
DA:35,1
DA:36,2
DA:45,1
DA:51,1
DA:53,1
DA:55,2
DA:56,1
DA:57,1
DA:58,1
DA:61,1
DA:62,2
LF:18
LH:18
end_of_record
SF:lib/features/auth/api/client/auth_api_service.g.dart
DA:14,0
DA:22,0
DA:26,0
DA:27,0
DA:28,0
DA:29,0
DA:30,0
DA:31,0
DA:32,0
DA:33,0
DA:34,0
DA:39,0
DA:41,0
DA:44,0
DA:46,0
DA:52,0
DA:56,0
DA:57,0
DA:58,0
DA:59,0
DA:60,0
DA:61,0
DA:62,0
DA:63,0
DA:64,0
DA:69,0
DA:71,0
DA:74,0
DA:76,0
DA:82,0
DA:86,0
DA:87,0
DA:88,0
DA:89,0
DA:90,0
DA:91,0
DA:92,0
DA:93,0
DA:94,0
DA:99,0
DA:101,0
DA:104,0
DA:106,0
DA:112,0
DA:114,0
DA:115,0
DA:116,0
DA:118,0
DA:119,0
DA:120,0
DA:121,0
DA:126,0
DA:128,0
DA:131,0
DA:133,0
DA:134,0
DA:135,0
DA:137,0
DA:138,0
DA:139,0
DA:140,0
DA:145,0
DA:147,0
DA:150,0
DA:152,0
DA:158,0
DA:159,0
DA:160,0
DA:161,0
DA:162,0
DA:163,0
DA:165,0
DA:171,0
DA:172,0
DA:176,0
DA:178,0
DA:179,0
DA:182,0
LF:78
LH:0
end_of_record
SF:lib/features/auth/api/dataSources/auth_local_data_source_impl.dart
DA:14,1
DA:18,1
DA:20,2
DA:23,1
DA:25,1
DA:28,1
LF:6
LH:6
end_of_record
SF:lib/features/auth/api/dataSources/auth_remote_data_source_impl.dart
DA:29,1
DA:32,1
DA:36,1
DA:37,1
DA:38,3
DA:39,2
DA:43,1
DA:47,1
DA:48,1
DA:52,3
DA:53,2
DA:57,1
DA:61,1
DA:62,1
DA:63,3
DA:64,2
DA:68,0
DA:70,0
DA:71,0
DA:72,0
DA:77,1
DA:79,1
DA:80,3
DA:81,2
LF:24
LH:20
end_of_record
SF:lib/features/auth/data/repositories/auth_repo_impl.dart
DA:17,1
DA:23,1
DA:27,2
DA:30,1
DA:34,2
DA:37,1
DA:41,2
DA:44,1
DA:46,2
DA:49,1
DA:51,2
DA:54,1
DA:56,2
LF:13
LH:13
end_of_record
SF:lib/features/auth/domain/use_cases/forget_password_use_case.dart
DA:9,0
DA:12,0
DA:15,0
LF:3
LH:0
end_of_record
SF:lib/features/auth/domain/use_cases/get_local_vehicle_types_use_case.dart
DA:7,1
DA:10,1
DA:11,2
LF:3
LH:3
end_of_record
SF:lib/features/auth/domain/use_cases/get_vehicles_use_case.dart
DA:8,1
DA:11,1
DA:12,2
LF:3
LH:3
end_of_record
SF:lib/features/auth/domain/use_cases/reset_password_use_case.dart
DA:9,0
DA:12,0
DA:15,0
LF:3
LH:0
end_of_record
SF:lib/features/auth/domain/use_cases/sign_up_use_case.dart
DA:8,1
DA:12,1
DA:13,2
LF:3
LH:3
end_of_record
SF:lib/features/auth/domain/use_cases/verify_reset_code_use_case.dart
DA:9,0
DA:12,0
DA:15,0
LF:3
LH:0
end_of_record
SF:lib/features/auth/presentation/viewModel/forgetPassword/forget_password_view_model.dart
DA:19,1
DA:23,1
DA:39,1
DA:41,2
DA:42,2
DA:43,2
DA:44,2
DA:45,1
DA:48,1
DA:50,1
DA:51,3
DA:53,1
DA:54,3
DA:56,1
DA:57,1
DA:59,1
DA:60,3
DA:62,1
DA:63,1
DA:68,1
DA:69,3
DA:72,1
DA:73,3
DA:76,3
DA:78,2
DA:79,1
DA:83,1
DA:84,1
DA:85,2
DA:89,1
DA:94,1
DA:95,1
DA:96,2
DA:98,1
DA:105,1
DA:106,3
DA:109,3
DA:111,2
DA:112,1
DA:116,1
DA:117,1
DA:118,2
DA:121,1
DA:127,1
DA:128,1
DA:129,2
DA:131,1
DA:138,1
DA:139,3
DA:141,2
DA:142,3
DA:146,1
DA:147,1
DA:148,2
DA:150,1
DA:157,0
DA:158,0
DA:159,0
DA:161,0
DA:168,1
DA:169,3
DA:172,3
DA:174,2
DA:175,3
DA:179,1
DA:180,1
DA:181,2
DA:183,1
DA:189,1
DA:190,1
DA:191,2
DA:193,1
LF:72
LH:68
end_of_record
SF:lib/features/auth/presentation/viewModel/signUp/sign_up_cubit.dart
DA:21,1
DA:26,1
DA:33,1
DA:38,1
DA:39,1
DA:40,1
DA:41,0
DA:43,1
DA:44,1
DA:45,0
DA:46,0
DA:50,1
DA:51,3
DA:52,2
DA:54,1
DA:55,3
DA:56,0
DA:57,0
DA:61,1
DA:62,2
DA:64,1
DA:65,5
DA:66,1
DA:67,1
DA:68,4
DA:72,1
DA:73,2
DA:76,0
DA:77,0
DA:78,0
DA:81,0
DA:85,0
DA:86,0
DA:87,0
DA:88,0
DA:89,0
DA:90,0
DA:93,0
DA:97,0
DA:98,0
DA:103,0
DA:105,0
DA:106,0
DA:108,0
DA:109,0
DA:113,0
DA:114,0
DA:117,0
DA:118,0
DA:119,0
DA:120,0
DA:125,0
DA:126,0
DA:129,0
DA:130,0
DA:131,0
DA:132,0
DA:137,0
DA:139,0
DA:140,0
DA:141,0
DA:142,0
DA:146,0
DA:148,0
DA:149,0
DA:150,0
DA:151,0
LF:67
LH:22
end_of_record
SF:lib/features/mainLayout/tabs/home/api/client/home_api_service.g.dart
DA:14,0
DA:22,0
DA:27,0
DA:28,0
DA:29,0
DA:30,0
DA:32,0
DA:33,0
DA:34,0
DA:35,0
DA:40,0
DA:42,0
DA:45,0
DA:47,0
DA:53,0
DA:55,0
DA:56,0
DA:57,0
DA:59,0
DA:60,0
DA:61,0
DA:62,0
DA:63,0
DA:67,0
DA:69,0
DA:72,0
DA:74,0
DA:80,0
DA:82,0
DA:83,0
DA:84,0
DA:86,0
DA:87,0
DA:88,0
DA:89,0
DA:94,0
DA:96,0
DA:99,0
DA:101,0
DA:107,0
DA:108,0
DA:109,0
DA:110,0
DA:111,0
DA:112,0
DA:114,0
DA:120,0
DA:121,0
DA:125,0
DA:127,0
DA:128,0
DA:131,0
LF:52
LH:0
end_of_record
SF:lib/features/mainLayout/tabs/home/api/dataSources/home_remote_data_source_impl.dart
DA:22,1
DA:34,1
DA:39,1
DA:40,3
DA:41,2
DA:45,0
DA:49,0
DA:50,0
DA:51,0
DA:55,0
DA:57,0
DA:58,0
DA:59,0
DA:62,0
DA:67,0
DA:68,0
DA:69,0
LF:17
LH:5
end_of_record
SF:lib/features/mainLayout/tabs/home/data/repositories/home_repo_impl.dart
DA:12,1
DA:16,1
DA:21,2
DA:24,0
DA:28,0
DA:31,0
DA:33,0
DA:35,0
DA:40,0
LF:9
LH:3
end_of_record
SF:lib/features/mainLayout/tabs/home/domain/useCases/create_order_use_case.dart
DA:8,0
DA:12,0
DA:15,0
LF:3
LH:0
end_of_record
SF:lib/features/mainLayout/tabs/home/domain/useCases/get_driver_data_use_case.dart
DA:8,0
DA:12,0
DA:13,0
LF:3
LH:0
end_of_record
SF:lib/features/mainLayout/tabs/home/domain/useCases/get_pending_orders_use_case.dart
DA:8,0
DA:12,0
DA:13,0
LF:3
LH:0
end_of_record
SF:lib/features/mainLayout/tabs/home/domain/useCases/start_order_use_case.dart
DA:8,0
DA:12,0
DA:15,0
LF:3
LH:0
end_of_record
SF:lib/features/mainLayout/tabs/home/presentation/viewModel/home_view_model.dart
DA:20,1
DA:25,2
DA:33,0
DA:35,1
DA:37,2
DA:38,1
DA:41,1
DA:43,1
DA:44,1
DA:46,1
DA:47,0
DA:48,0
DA:51,1
DA:52,0
DA:55,1
DA:56,2
DA:58,1
DA:59,2
DA:61,0
DA:62,0
DA:64,0
DA:65,0
DA:66,0
DA:68,0
DA:76,0
DA:80,0
DA:85,0
DA:87,0
DA:88,0
DA:89,0
DA:93,0
DA:94,0
DA:96,0
DA:97,0
DA:99,0
DA:100,0
DA:104,1
DA:105,4
DA:106,2
DA:109,1
DA:110,1
DA:111,2
DA:112,1
DA:113,1
DA:118,1
DA:119,1
DA:120,2
DA:121,1
DA:122,1
DA:129,1
DA:130,3
DA:132,4
DA:134,3
DA:135,1
DA:137,1
DA:138,3
DA:143,1
DA:145,0
DA:146,1
DA:147,3
DA:149,0
DA:152,2
DA:158,1
DA:159,2
DA:161,1
DA:162,2
DA:165,4
DA:167,1
DA:171,1
DA:172,1
DA:173,2
DA:176,1
LF:72
LH:48
end_of_record
SF:lib/features/mainLayout/tabs/orders/api/client/orders_api_service.g.dart
DA:14,0
DA:22,0
DA:24,0
DA:25,0
DA:26,0
DA:28,0
DA:29,0
DA:30,0
DA:31,0
DA:36,0
DA:38,0
DA:41,0
DA:43,0
DA:49,0
DA:51,0
DA:52,0
DA:53,0
DA:55,0
DA:56,0
DA:57,0
DA:58,0
DA:59,0
DA:63,0
DA:65,0
DA:68,0
DA:70,0
DA:76,0
DA:77,0
DA:78,0
DA:79,0
DA:80,0
DA:81,0
DA:83,0
DA:89,0
DA:90,0
DA:94,0
DA:96,0
DA:97,0
DA:100,0
LF:39
LH:0
end_of_record
SF:lib/features/mainLayout/tabs/orders/api/dataSource/orders_remote_data_source_impl.dart
DA:14,1
DA:18,1
DA:20,1
DA:21,3
DA:22,2
DA:26,1
DA:28,1
DA:29,3
DA:30,2
LF:9
LH:9
end_of_record
SF:lib/features/mainLayout/tabs/orders/data/repositories/orders_repo_impl.dart
DA:10,1
DA:14,1
DA:16,2
DA:19,1
DA:21,2
LF:5
LH:5
end_of_record
SF:lib/features/mainLayout/tabs/orders/domain/useCases/driver_orders_use_case.dart
DA:8,1
DA:12,1
DA:13,2
LF:3
LH:3
end_of_record
SF:lib/features/mainLayout/tabs/orders/domain/useCases/get_product_use_case.dart
DA:8,1
DA:12,1
DA:13,2
LF:3
LH:3
end_of_record
SF:lib/features/mainLayout/tabs/orders/presentation/viewModels/orders_view_model.dart
DA:13,1
DA:14,1
DA:20,1
DA:22,1
DA:23,1
DA:24,1
DA:25,2
DA:29,1
DA:30,3
DA:31,2
DA:33,1
DA:34,1
DA:35,2
DA:36,3
DA:37,2
DA:38,3
DA:39,2
DA:42,1
DA:43,2
DA:50,1
DA:51,4
DA:56,1
DA:57,2
DA:59,1
DA:60,1
DA:61,1
DA:62,2
DA:68,1
DA:69,4
LF:29
LH:29
end_of_record
SF:lib/features/orderDetails/api/client/order_details_api_service.g.dart
DA:14,0
DA:22,0
DA:27,0
DA:28,0
DA:29,0
DA:30,0
DA:31,0
DA:32,0
DA:33,0
DA:34,0
DA:35,0
DA:36,0
DA:40,0
DA:42,0
DA:45,0
DA:46,0
DA:47,0
DA:48,0
DA:49,0
DA:50,0
DA:52,0
DA:58,0
DA:59,0
DA:63,0
DA:65,0
DA:66,0
DA:69,0
LF:27
LH:0
end_of_record
SF:lib/features/orderDetails/api/datasources/order_details_remote_data_source_impl.dart
DA:14,1
DA:25,1
DA:27,2
DA:28,3
DA:32,1
DA:37,2
DA:38,3
DA:45,1
DA:50,1
DA:51,2
DA:52,3
DA:56,1
DA:61,1
DA:62,2
DA:63,3
LF:15
LH:15
end_of_record
SF:lib/features/orderDetails/data/repositories/order_details_repo_impl.dart
DA:11,1
DA:14,1
DA:16,2
DA:19,1
DA:24,2
DA:30,1
DA:35,2
DA:41,1
DA:46,2
LF:9
LH:9
end_of_record
SF:lib/features/orderDetails/domain/useCases/delete_order_use_case.dart
DA:7,1
DA:10,1
DA:11,2
LF:3
LH:3
end_of_record
SF:lib/features/orderDetails/domain/useCases/update_driver_location_on_server_use_case.dart
DA:8,1
DA:11,1
DA:14,2
LF:3
LH:3
end_of_record
SF:lib/features/orderDetails/domain/useCases/update_order_status_on_server_use_case.dart
DA:8,1
DA:11,1
DA:14,2
LF:3
LH:3
end_of_record
SF:lib/features/orderDetails/domain/useCases/update_order_status_with_api_use_case.dart
DA:8,1
DA:11,1
DA:14,2
LF:3
LH:3
end_of_record
SF:lib/features/orderDetails/presentation/ViewModel/order_details_view_model.dart
DA:22,1
DA:27,1
DA:38,1
DA:40,1
DA:42,1
DA:43,0
DA:45,1
DA:46,1
DA:47,1
DA:49,1
DA:53,1
DA:54,1
DA:55,1
DA:57,1
DA:61,1
DA:62,1
DA:63,1
DA:64,1
DA:65,1
DA:66,1
DA:68,1
DA:78,1
DA:79,2
DA:81,1
DA:84,0
DA:85,0
DA:89,1
DA:93,2
DA:98,1
DA:100,1
DA:101,4
DA:105,0
DA:109,0
DA:114,0
DA:116,0
DA:117,0
DA:121,1
DA:125,3
DA:126,2
DA:131,1
DA:132,1
DA:133,4
DA:135,3
DA:136,1
DA:137,4
DA:141,0
DA:144,0
DA:146,0
DA:147,0
DA:149,0
DA:150,0
DA:152,0
DA:153,0
DA:155,0
DA:156,0
DA:158,0
DA:159,0
DA:164,0
DA:165,0
DA:166,0
DA:167,0
DA:169,0
DA:170,0
DA:171,0
DA:175,0
DA:176,0
DA:181,0
DA:182,0
DA:185,0
DA:186,0
DA:189,0
DA:190,0
DA:193,0
DA:195,0
DA:196,0
DA:199,1
DA:206,1
DA:210,3
DA:211,1
DA:215,1
LF:80
LH:42
end_of_record
SF:lib/features/resetPassword/api/client/reset_password_api_service.g.dart
DA:14,0
DA:22,0
DA:26,0
DA:27,0
DA:28,0
DA:29,0
DA:30,0
DA:31,0
DA:32,0
DA:33,0
DA:34,0
DA:39,0
DA:41,0
DA:44,0
DA:45,0
DA:46,0
DA:47,0
DA:48,0
DA:49,0
DA:51,0
DA:57,0
DA:58,0
DA:62,0
DA:64,0
DA:65,0
DA:68,0
LF:26
LH:0
end_of_record
SF:lib/features/resetPassword/api/dataSources/reset_password_data_source_impl.dart
DA:10,1
DA:13,1
DA:17,1
DA:18,1
DA:19,2
LF:5
LH:5
end_of_record
SF:lib/features/resetPassword/data/repositories/reset_password_repo_impl.dart
DA:9,1
DA:12,1
DA:16,2
LF:3
LH:3
end_of_record
SF:lib/features/resetPassword/domain/use_cases/reset_password_use_case.dart
DA:8,1
DA:12,1
DA:15,2
LF:3
LH:3
end_of_record
SF:lib/features/resetPassword/presentation/veiwModel/reset_password_view_model.dart
DA:11,1
DA:12,1
DA:15,1
DA:20,1
DA:21,1
DA:25,1
DA:28,3
DA:30,2
DA:35,1
DA:36,3
DA:38,1
DA:39,1
DA:40,2
DA:42,1
LF:14
LH:14
end_of_record
SF:lib/core/helpers/app_config_cubit.dart
DA:10,0
DA:11,0
DA:14,0
DA:15,0
DA:16,0
DA:17,0
DA:21,0
DA:22,0
DA:24,0
DA:26,0
LF:10
LH:0
end_of_record
SF:lib/core/services/firebase_real_time_database_service.dart
DA:13,0
DA:15,0
DA:18,0
DA:20,0
DA:23,0
DA:25,0
DA:26,0
DA:29,0
DA:31,0
DA:34,0
DA:36,0
DA:37,0
DA:41,0
DA:43,0
LF:14
LH:0
end_of_record
SF:lib/core/services/secure_storage.dart
DA:11,0
DA:13,0
DA:16,0
DA:18,0
DA:21,0
DA:23,0
DA:26,0
DA:28,0
LF:8
LH:0
end_of_record
SF:lib/core/di/dioModul/dio_modle.dart
DA:11,0
DA:13,0
DA:16,0
DA:18,0
DA:19,0
DA:20,0
DA:23,0
DA:24,0
DA:25,0
DA:26,0
DA:31,0
DA:32,0
DA:33,0
DA:35,0
LF:14
LH:0
end_of_record
SF:lib/core/enum/order_status.dart
DA:7,0
DA:9,0
DA:10,0
DA:11,0
DA:12,0
DA:13,0
DA:14,0
DA:15,0
DA:16,0
DA:17,0
DA:18,0
DA:22,0
DA:24,0
DA:25,0
DA:26,0
DA:27,0
DA:28,0
DA:29,0
DA:30,0
DA:31,0
DA:32,0
DA:33,0
LF:22
LH:0
end_of_record
SF:lib/core/errors/location_resualt.dart
DA:6,1
DA:11,1
LF:2
LH:2
end_of_record
SF:lib/core/functions/image_picker.dart
DA:10,0
DA:11,0
DA:14,0
DA:16,0
DA:21,0
DA:26,0
DA:28,0
LF:7
LH:0
end_of_record
SF:lib/core/services/location_service.dart
DA:8,1
DA:9,1
DA:11,1
DA:17,1
DA:18,1
DA:20,1
DA:21,1
DA:23,1
DA:28,1
DA:32,1
DA:33,1
DA:35,1
DA:36,1
DA:37,1
DA:42,1
DA:48,1
DA:49,1
DA:52,1
DA:53,1
DA:56,1
DA:57,1
DA:60,1
DA:64,1
DA:69,1
LF:24
LH:24
end_of_record
SF:lib/features/auth/api/model/forgetPassword/request/forget_password_request.dart
DA:8,0
DA:9,0
DA:11,1
DA:12,2
DA:15,1
DA:19,0
LF:6
LH:3
end_of_record
SF:lib/features/auth/api/model/forgetPassword/request/forget_password_request.g.dart
DA:9,0
DA:11,0
DA:13,0
DA:15,0
LF:4
LH:0
end_of_record
SF:lib/features/auth/api/model/forgetPassword/request/reset_password_request.dart
DA:8,1
DA:10,1
DA:11,1
DA:12,1
DA:13,1
DA:17,0
DA:18,0
DA:25,0
LF:8
LH:5
end_of_record
SF:lib/features/auth/api/model/forgetPassword/request/reset_password_request.g.dart
DA:9,0
DA:11,0
DA:12,0
DA:13,0
DA:16,0
DA:18,0
DA:19,0
DA:20,0
LF:8
LH:0
end_of_record
SF:lib/features/auth/api/model/forgetPassword/request/verify_reset_code_request.dart
DA:8,1
DA:10,1
DA:13,2
DA:16,0
DA:17,0
DA:21,0
LF:6
LH:3
end_of_record
SF:lib/features/auth/api/model/forgetPassword/request/verify_reset_code_request.g.dart
DA:9,0
DA:11,0
DA:13,0
DA:15,0
LF:4
LH:0
end_of_record
SF:lib/features/auth/api/model/forgetPassword/response/forget_password_response_dto.dart
DA:7,0
DA:8,0
DA:10,1
DA:17,0
LF:4
LH:1
end_of_record
SF:lib/features/auth/api/model/forgetPassword/response/forget_password_response_dto.g.dart
DA:9,0
DA:11,0
DA:12,0
DA:13,0
DA:16,0
DA:18,0
LF:6
LH:0
end_of_record
SF:lib/features/auth/api/model/forgetPassword/response/reset_password_response_dto.dart
DA:7,0
DA:8,0
DA:10,1
DA:17,0
LF:4
LH:1
end_of_record
SF:lib/features/auth/api/model/forgetPassword/response/reset_password_response_dto.g.dart
DA:9,0
DA:11,0
DA:12,0
DA:13,0
DA:16,0
DA:18,0
LF:6
LH:0
end_of_record
SF:lib/features/auth/api/model/forgetPassword/response/verify_reset_code_response_dto.dart
DA:7,0
DA:8,0
DA:10,1
DA:14,0
LF:4
LH:1
end_of_record
SF:lib/features/auth/api/model/forgetPassword/response/verify_reset_code_response_dto.g.dart
DA:9,0
DA:11,0
DA:13,0
DA:15,0
LF:4
LH:0
end_of_record
SF:lib/features/auth/api/model/signUp/response/vehicle/vehicle_types_response_model.dart
DA:9,1
DA:15,1
DA:16,1
DA:24,0
LF:4
LH:3
end_of_record
SF:lib/features/auth/api/model/signUp/response/vehicle/vehicle_types_response_model.g.dart
DA:9,1
DA:11,1
DA:12,1
DA:13,1
DA:15,0
DA:16,1
DA:17,3
DA:18,1
DA:21,0
DA:23,0
DA:24,0
DA:25,0
DA:26,0
LF:13
LH:7
end_of_record
SF:lib/features/auth/api/mapper/signUp/response/vehicle_type_mapper.dart
DA:6,2
DA:7,2
DA:8,8
DA:14,1
DA:15,3
LF:5
LH:5
end_of_record
SF:lib/features/auth/domain/entity/signUp/vehicle_type_entity.dart
DA:2,5
DA:8,6
LF:2
LH:2
end_of_record
SF:lib/features/auth/api/mapper/forgetPassword/forget_password_dto_mapper.dart
DA:5,1
DA:6,1
DA:7,1
DA:8,1
LF:4
LH:4
end_of_record
SF:lib/features/auth/api/mapper/forgetPassword/reset_password_dto_mapper.dart
DA:5,1
DA:6,1
DA:7,1
DA:8,1
LF:4
LH:4
end_of_record
SF:lib/features/auth/api/mapper/forgetPassword/verify_reset_code_dto_mapper.dart
DA:5,1
DA:6,2
LF:2
LH:2
end_of_record
SF:lib/features/auth/api/mapper/signUp/request/sign_up_req_mapper.dart
DA:5,0
DA:6,0
DA:7,0
DA:8,0
DA:9,0
DA:10,0
DA:11,0
DA:12,0
DA:13,0
DA:14,0
DA:15,0
DA:16,0
DA:17,0
DA:20,0
DA:21,0
DA:25,0
DA:26,0
DA:30,0
LF:18
LH:0
end_of_record
SF:lib/features/auth/api/model/signUp/request/sign_up_request_model.dart
DA:7,3
DA:49,0
LF:2
LH:1
end_of_record
SF:lib/features/auth/api/model/signUp/request/sign_up_request_model.g.dart
DA:9,0
DA:10,0
DA:11,0
DA:12,0
DA:13,0
DA:14,0
DA:15,0
DA:16,0
DA:17,0
DA:18,0
DA:19,0
DA:20,0
DA:21,0
DA:22,0
DA:23,0
DA:26,0
DA:27,0
DA:28,0
DA:29,0
DA:30,0
DA:31,0
DA:32,0
DA:33,0
DA:34,0
DA:35,0
DA:36,0
DA:37,0
DA:38,0
DA:39,0
DA:40,0
LF:30
LH:0
end_of_record
SF:lib/features/auth/domain/entity/forgetPassword/request/forget_password_request_entity.dart
DA:2,3
LF:1
LH:1
end_of_record
SF:lib/features/auth/domain/entity/forgetPassword/request/reset_password_request_entity.dart
DA:2,3
LF:1
LH:1
end_of_record
SF:lib/features/auth/domain/entity/forgetPassword/request/verify_reset_code_request_entity.dart
DA:2,3
LF:1
LH:1
end_of_record
SF:lib/features/auth/domain/entity/forgetPassword/response/forget_password_response_entity.dart
DA:2,3
LF:1
LH:1
end_of_record
SF:lib/features/auth/domain/entity/forgetPassword/response/reset_password_response_entity.dart
DA:2,3
LF:1
LH:1
end_of_record
SF:lib/features/auth/domain/entity/forgetPassword/response/verify_reset_code_response_entity.dart
DA:2,3
LF:1
LH:1
end_of_record
SF:lib/features/auth/api/model/signUp/response/vehicle/vehicle_type_model.dart
DA:7,1
DA:15,1
DA:16,1
DA:28,0
LF:4
LH:3
end_of_record
SF:lib/features/auth/api/model/signUp/response/vehicle/vehicle_type_model.g.dart
DA:9,1
DA:10,1
DA:11,1
DA:12,1
DA:13,1
DA:14,1
DA:16,0
DA:17,1
DA:19,0
DA:22,0
DA:23,0
DA:24,0
DA:25,0
DA:26,0
DA:27,0
DA:28,0
LF:16
LH:7
end_of_record
SF:lib/features/auth/api/model/signUp/response/vehicle/vehicle_meta_data_dto.dart
DA:7,0
DA:14,0
DA:15,0
DA:25,0
LF:4
LH:0
end_of_record
SF:lib/features/auth/api/model/signUp/response/vehicle/vehicle_meta_data_dto.g.dart
DA:9,0
DA:10,0
DA:11,0
DA:12,0
DA:13,0
DA:16,0
DA:17,0
DA:18,0
DA:19,0
DA:20,0
LF:10
LH:0
end_of_record
SF:lib/features/auth/presentation/viewModel/forgetPassword/forget_password_states.dart
DA:12,3
DA:32,1
DA:42,1
DA:43,1
DA:44,1
DA:45,1
DA:46,1
DA:47,1
DA:48,1
DA:49,1
DA:50,1
DA:54,1
DA:55,1
DA:56,1
DA:57,1
DA:58,1
DA:59,1
DA:60,1
DA:61,1
DA:62,1
DA:63,1
LF:21
LH:21
end_of_record
SF:lib/features/auth/presentation/viewModel/signUp/sign_up_cubit_state.dart
DA:8,3
DA:35,1
DA:50,1
DA:51,1
DA:52,1
DA:53,1
DA:54,1
DA:55,1
DA:56,1
DA:57,1
DA:58,1
DA:59,1
DA:61,1
DA:62,1
DA:63,1
DA:67,1
DA:68,1
DA:69,1
DA:70,1
DA:71,1
DA:72,1
DA:73,1
DA:74,1
DA:75,1
DA:76,1
DA:77,1
DA:78,1
DA:79,1
DA:80,1
LF:29
LH:29
end_of_record
SF:lib/features/mainLayout/tabs/home/api/models/response/driver_response_dto.dart
DA:8,0
DA:10,0
DA:11,0
DA:16,0
LF:4
LH:0
end_of_record
SF:lib/features/mainLayout/tabs/home/api/models/response/driver_response_dto.g.dart
DA:9,0
DA:10,0
DA:11,0
DA:12,0
DA:14,0
DA:17,0
DA:18,0
LF:7
LH:0
end_of_record
SF:lib/features/mainLayout/tabs/home/api/models/response/pending_orders_response_dto.dart
DA:9,1
DA:11,0
DA:12,0
DA:22,0
DA:23,0
LF:5
LH:1
end_of_record
SF:lib/features/mainLayout/tabs/home/api/models/response/pending_orders_response_dto.g.dart
DA:9,0
DA:11,0
DA:12,0
DA:13,0
DA:15,0
DA:16,0
DA:17,0
DA:18,0
DA:21,0
DA:23,0
DA:24,0
DA:25,0
DA:26,0
LF:13
LH:0
end_of_record
SF:lib/features/mainLayout/tabs/home/api/models/response/start_order_response_dto.dart
DA:7,0
DA:8,0
DA:11,0
DA:18,0
DA:19,0
DA:25,0
DA:40,0
DA:41,0
DA:69,0
DA:70,0
DA:76,0
DA:78,0
DA:79,0
DA:91,0
DA:92,0
LF:15
LH:0
end_of_record
SF:lib/features/mainLayout/tabs/home/api/models/response/start_order_response_dto.g.dart
DA:9,0
DA:11,0
DA:12,0
DA:13,0
DA:15,0
DA:18,0
DA:20,0
DA:22,0
DA:23,0
DA:24,0
DA:25,0
DA:26,0
DA:27,0
DA:28,0
DA:29,0
DA:30,0
DA:31,0
DA:32,0
DA:33,0
DA:34,0
DA:35,0
DA:36,0
DA:39,0
DA:40,0
DA:41,0
DA:42,0
DA:43,0
DA:44,0
DA:45,0
DA:46,0
DA:47,0
DA:48,0
DA:49,0
DA:50,0
DA:51,0
DA:54,0
DA:55,0
DA:56,0
DA:57,0
DA:58,0
DA:61,0
DA:62,0
DA:63,0
DA:64,0
DA:65,0
DA:66,0
LF:46
LH:0
end_of_record
SF:lib/features/mainLayout/tabs/home/api/mappers/dirver_response_mapper.dart
DA:8,0
DA:9,0
DA:11,0
DA:33,0
DA:34,0
DA:35,0
DA:36,0
DA:37,0
DA:38,0
DA:39,0
DA:40,0
DA:41,0
DA:42,0
DA:43,0
DA:44,0
DA:45,0
DA:46,0
DA:47,0
DA:48,0
LF:19
LH:0
end_of_record
SF:lib/features/mainLayout/tabs/home/api/mappers/pending_orders_response_dto_mapper.dart
DA:8,1
DA:9,1
DA:10,3
DA:12,1
DA:13,1
LF:5
LH:5
end_of_record
SF:lib/features/mainLayout/tabs/home/api/mappers/start_order_response_mapper.dart
DA:5,0
DA:6,0
DA:7,0
DA:8,0
DA:9,0
LF:5
LH:0
end_of_record
SF:lib/features/mainLayout/tabs/home/api/models/request/order_details_request_model.dart
DA:12,0
DA:19,0
DA:20,0
DA:34,0
LF:4
LH:0
end_of_record
SF:lib/features/mainLayout/tabs/home/api/models/request/order_details_request_model.g.dart
DA:9,0
DA:11,0
DA:12,0
DA:13,0
DA:15,0
DA:16,0
DA:17,0
DA:20,0
DA:22,0
DA:23,0
DA:24,0
DA:25,0
DA:26,0
LF:13
LH:0
end_of_record
SF:lib/features/mainLayout/tabs/home/domain/entities/response/driver_response_entity.dart
DA:4,0
LF:1
LH:0
end_of_record
SF:lib/features/mainLayout/tabs/home/domain/entities/response/pending_orders_response_entity.dart
DA:5,3
LF:1
LH:1
end_of_record
SF:lib/features/mainLayout/tabs/home/domain/entities/response/start_order_response_entity.dart
DA:2,0
LF:1
LH:0
end_of_record
SF:lib/features/mainLayout/tabs/home/api/models/driver_dto.dart
DA:7,0
DA:25,0
DA:26,0
DA:47,0
LF:4
LH:0
end_of_record
SF:lib/features/mainLayout/tabs/home/api/models/driver_dto.g.dart
DA:9,0
DA:10,0
DA:11,0
DA:12,0
DA:13,0
DA:14,0
DA:15,0
DA:16,0
DA:17,0
DA:18,0
DA:19,0
DA:20,0
DA:21,0
DA:22,0
DA:23,0
DA:24,0
DA:26,0
DA:29,0
DA:30,0
DA:31,0
DA:32,0
DA:33,0
DA:34,0
DA:35,0
DA:36,0
DA:37,0
DA:38,0
DA:39,0
DA:40,0
DA:41,0
DA:42,0
DA:43,0
DA:44,0
LF:33
LH:0
end_of_record
SF:lib/features/mainLayout/tabs/home/domain/entities/driver_data_entity.dart
DA:2,2
LF:1
LH:1
end_of_record
SF:lib/features/mainLayout/tabs/home/api/mappers/pending_metadata_dto_mapper.dart
DA:5,0
DA:6,0
DA:7,0
DA:8,0
DA:9,0
DA:10,0
LF:6
LH:0
end_of_record
SF:lib/features/mainLayout/tabs/home/api/models/pending_metadata_dto.dart
DA:7,0
DA:8,0
DA:11,0
DA:30,0
DA:31,0
LF:5
LH:0
end_of_record
SF:lib/features/mainLayout/tabs/home/api/models/pending_metadata_dto.g.dart
DA:9,0
DA:10,0
DA:11,0
DA:12,0
DA:13,0
DA:14,0
DA:17,0
DA:18,0
DA:19,0
DA:20,0
DA:21,0
DA:22,0
LF:12
LH:0
end_of_record
SF:lib/features/mainLayout/tabs/home/domain/entities/pending_metadata_entity.dart
DA:2,1
LF:1
LH:1
end_of_record
SF:lib/features/mainLayout/tabs/home/api/mappers/pending_order_dto_mapper.dart
DA:14,0
DA:15,0
DA:16,0
DA:17,0
DA:18,0
DA:19,0
DA:20,0
DA:21,0
DA:23,0
DA:24,0
DA:26,0
DA:27,0
DA:29,0
DA:32,0
DA:33,0
DA:34,0
DA:35,0
DA:38,0
DA:39,0
DA:40,0
LF:20
LH:0
end_of_record
SF:lib/features/mainLayout/tabs/home/api/mappers/pending_order_item_mapper.dart
DA:6,0
DA:7,0
DA:8,0
DA:9,0
DA:10,0
DA:11,0
LF:6
LH:0
end_of_record
SF:lib/features/mainLayout/tabs/home/api/mappers/pending_store_dto_mapper.dart
DA:7,0
DA:11,0
DA:12,0
DA:13,0
DA:14,0
DA:15,0
DA:19,0
DA:20,0
DA:21,0
DA:22,0
DA:23,0
LF:11
LH:0
end_of_record
SF:lib/features/mainLayout/tabs/home/api/mappers/pending_user_dto_mapper.dart
DA:8,0
DA:9,0
DA:10,0
DA:11,0
DA:12,0
DA:13,0
LF:6
LH:0
end_of_record
SF:lib/features/mainLayout/tabs/home/api/mappers/shipping_address.dart
DA:7,0
DA:8,0
DA:9,0
DA:10,0
DA:11,0
DA:12,0
DA:13,0
LF:7
LH:0
end_of_record
SF:lib/features/mainLayout/tabs/home/api/models/pending_order_dto.dart
DA:11,0
DA:12,0
DA:15,0
DA:74,0
DA:75,0
LF:5
LH:0
end_of_record
SF:lib/features/mainLayout/tabs/home/api/models/pending_order_dto.g.dart
DA:9,0
DA:10,0
DA:11,0
DA:12,0
DA:14,0
DA:15,0
DA:16,0
DA:17,0
DA:18,0
DA:19,0
DA:20,0
DA:21,0
DA:22,0
DA:23,0
DA:24,0
DA:25,0
DA:26,0
DA:27,0
DA:29,0
DA:30,0
DA:32,0
DA:33,0
DA:37,0
DA:38,0
DA:39,0
DA:40,0
DA:41,0
DA:42,0
DA:43,0
DA:44,0
DA:45,0
DA:46,0
DA:47,0
DA:48,0
DA:49,0
DA:50,0
DA:51,0
DA:52,0
LF:38
LH:0
end_of_record
SF:lib/features/mainLayout/tabs/home/domain/entities/pending_order_entity.dart
DA:7,1
DA:29,0
DA:37,0
DA:38,0
DA:39,0
DA:40,0
DA:41,0
DA:42,0
DA:43,0
LF:9
LH:1
end_of_record
SF:lib/features/mainLayout/tabs/home/domain/entities/pending_store_entity.dart
DA:2,0
LF:1
LH:0
end_of_record
SF:lib/features/mainLayout/tabs/home/domain/entities/pending_user_entity.dart
DA:2,0
LF:1
LH:0
end_of_record
SF:lib/features/mainLayout/tabs/home/domain/entities/shipping_address_entity.dart
DA:2,0
LF:1
LH:0
end_of_record
SF:lib/features/mainLayout/tabs/home/api/mappers/pending_product_mapper.dart
DA:6,0
DA:7,0
DA:8,0
DA:9,0
DA:10,0
DA:11,0
DA:12,0
DA:13,0
DA:14,0
DA:15,0
DA:16,0
DA:17,0
DA:18,0
DA:19,0
DA:20,0
DA:21,0
DA:22,0
DA:23,0
DA:24,0
DA:25,0
LF:20
LH:0
end_of_record
SF:lib/features/mainLayout/tabs/home/api/models/pending_order_item_dto.dart
DA:8,0
DA:9,0
DA:12,0
DA:26,0
DA:27,0
LF:5
LH:0
end_of_record
SF:lib/features/mainLayout/tabs/home/api/models/pending_order_item_dto.g.dart
DA:9,0
DA:10,0
DA:11,0
DA:13,0
DA:14,0
DA:15,0
DA:16,0
DA:19,0
DA:21,0
DA:22,0
DA:23,0
DA:24,0
DA:25,0
LF:13
LH:0
end_of_record
SF:lib/features/mainLayout/tabs/home/domain/entities/pending_order_item_entity.dart
DA:4,0
LF:1
LH:0
end_of_record
SF:lib/features/mainLayout/tabs/home/api/models/pending_product_dto.dart
DA:7,0
DA:8,0
DA:11,0
DA:86,0
DA:87,0
LF:5
LH:0
end_of_record
SF:lib/features/mainLayout/tabs/home/api/models/pending_product_dto.g.dart
DA:9,0
DA:10,0
DA:11,0
DA:12,0
DA:13,0
DA:14,0
DA:15,0
DA:16,0
DA:17,0
DA:18,0
DA:19,0
DA:20,0
DA:21,0
DA:22,0
DA:23,0
DA:24,0
DA:25,0
DA:26,0
DA:27,0
DA:28,0
DA:29,0
DA:30,0
DA:33,0
DA:34,0
DA:35,0
DA:36,0
DA:37,0
DA:38,0
DA:39,0
DA:40,0
DA:41,0
DA:42,0
DA:43,0
DA:44,0
DA:45,0
DA:46,0
DA:47,0
DA:48,0
DA:49,0
DA:50,0
DA:51,0
DA:52,0
LF:42
LH:0
end_of_record
SF:lib/features/mainLayout/tabs/home/domain/entities/pending_product_entity.dart
DA:2,0
LF:1
LH:0
end_of_record
SF:lib/features/mainLayout/tabs/home/api/models/pending_store_dto.dart
DA:7,0
DA:8,0
DA:11,0
DA:34,0
DA:35,0
LF:5
LH:0
end_of_record
SF:lib/features/mainLayout/tabs/home/api/models/pending_store_dto.g.dart
DA:9,0
DA:10,0
DA:11,0
DA:12,0
DA:13,0
DA:14,0
DA:15,0
DA:18,0
DA:19,0
DA:20,0
DA:21,0
DA:22,0
DA:23,0
DA:24,0
LF:14
LH:0
end_of_record
SF:lib/features/mainLayout/tabs/home/api/models/pending_user_dto.dart
DA:7,0
DA:8,0
DA:11,0
DA:46,0
DA:47,0
LF:5
LH:0
end_of_record
SF:lib/features/mainLayout/tabs/home/api/models/pending_user_dto.g.dart
DA:9,0
DA:10,0
DA:11,0
DA:12,0
DA:13,0
DA:14,0
DA:15,0
DA:16,0
DA:17,0
DA:18,0
DA:21,0
DA:22,0
DA:23,0
DA:24,0
DA:25,0
DA:26,0
DA:27,0
DA:28,0
DA:29,0
DA:30,0
LF:20
LH:0
end_of_record
SF:lib/features/mainLayout/tabs/home/api/models/shipping_address_dto.dart
DA:7,0
DA:15,0
DA:16,0
DA:33,0
LF:4
LH:0
end_of_record
SF:lib/features/mainLayout/tabs/home/api/models/shipping_address_dto.g.dart
DA:9,0
DA:10,0
DA:11,0
DA:12,0
DA:13,0
DA:14,0
DA:15,0
DA:18,0
DA:19,0
DA:20,0
DA:21,0
DA:22,0
DA:23,0
DA:24,0
LF:14
LH:0
end_of_record
SF:lib/features/mainLayout/tabs/home/api/models/request/driver_model.dart
DA:8,0
DA:9,0
DA:10,0
DA:29,0
LF:4
LH:0
end_of_record
SF:lib/features/mainLayout/tabs/home/api/models/request/driver_model.g.dart
DA:9,0
DA:10,0
DA:11,0
DA:13,0
DA:14,0
DA:15,0
DA:16,0
DA:19,0
DA:20,0
DA:21,0
DA:22,0
DA:23,0
DA:24,0
DA:25,0
LF:14
LH:0
end_of_record
SF:lib/features/mainLayout/tabs/home/api/models/request/location_request_model.dart
DA:7,0
DA:9,0
DA:10,0
DA:16,0
LF:4
LH:0
end_of_record
SF:lib/features/mainLayout/tabs/home/api/models/request/location_request_model.g.dart
DA:9,0
DA:11,0
DA:12,0
DA:13,0
DA:16,0
DA:18,0
LF:6
LH:0
end_of_record
SF:lib/features/mainLayout/tabs/home/api/models/request/order_status_history.dart
DA:10,0
DA:11,0
DA:13,0
DA:35,0
LF:4
LH:0
end_of_record
SF:lib/features/mainLayout/tabs/home/api/models/request/order_status_history.g.dart
DA:9,0
DA:10,0
DA:11,0
DA:13,0
DA:14,0
DA:16,0
DA:17,0
DA:19,0
DA:20,0
DA:22,0
DA:23,0
DA:25,0
DA:27,0
DA:30,0
DA:31,0
DA:32,0
DA:33,0
DA:34,0
DA:35,0
DA:36,0
LF:20
LH:0
end_of_record
SF:lib/features/mainLayout/tabs/home/api/models/request/store_model.dart
DA:8,0
DA:9,0
DA:10,0
DA:15,0
LF:4
LH:0
end_of_record
SF:lib/features/mainLayout/tabs/home/api/models/request/store_model.g.dart
DA:9,0
DA:10,0
DA:11,0
DA:15,0
DA:16,0
LF:5
LH:0
end_of_record
SF:lib/features/mainLayout/tabs/home/api/models/request/user_model.dart
DA:8,0
DA:9,0
DA:10,0
DA:15,0
LF:4
LH:0
end_of_record
SF:lib/features/mainLayout/tabs/home/api/models/request/user_model.g.dart
DA:9,0
DA:10,0
DA:11,0
DA:15,0
DA:16,0
LF:5
LH:0
end_of_record
SF:lib/features/mainLayout/tabs/home/api/models/request/status_model.dart
DA:7,0
DA:12,0
DA:13,0
DA:21,0
LF:4
LH:0
end_of_record
SF:lib/features/mainLayout/tabs/home/api/models/request/status_model.g.dart
DA:9,0
DA:10,0
DA:11,0
DA:14,0
DA:15,0
DA:16,0
DA:17,0
LF:7
LH:0
end_of_record
SF:lib/features/mainLayout/tabs/home/presentation/viewModel/home_event.dart
DA:12,1
DA:18,1
DA:26,0
LF:3
LH:2
end_of_record
SF:lib/features/mainLayout/tabs/home/presentation/viewModel/home_state.dart
DA:7,1
DA:37,1
DA:52,1
DA:53,1
DA:54,1
DA:55,1
DA:56,1
DA:57,1
DA:58,1
DA:59,1
DA:60,1
DA:61,1
DA:62,1
DA:63,1
DA:64,1
DA:65,1
LF:16
LH:16
end_of_record
SF:lib/features/mainLayout/tabs/orders/api/models/reponses/driver_orders_response_dto.dart
DA:10,1
DA:16,0
DA:17,0
DA:26,0
DA:27,0
LF:5
LH:1
end_of_record
SF:lib/features/mainLayout/tabs/orders/api/models/reponses/driver_orders_response_dto.g.dart
DA:9,0
DA:11,0
DA:12,0
DA:13,0
DA:15,0
DA:16,0
DA:17,0
DA:18,0
DA:21,0
DA:23,0
DA:24,0
DA:25,0
DA:26,0
LF:13
LH:0
end_of_record
SF:lib/features/mainLayout/tabs/orders/api/models/reponses/product_data_dto.dart
DA:8,1
DA:13,0
DA:14,0
DA:21,0
DA:22,0
DA:29,1
DA:38,0
DA:39,0
DA:54,0
DA:55,0
LF:10
LH:2
end_of_record
SF:lib/features/mainLayout/tabs/orders/api/models/reponses/product_data_dto.g.dart
DA:9,0
DA:10,0
DA:11,0
DA:12,0
DA:14,0
DA:17,0
DA:18,0
DA:20,0
DA:21,0
DA:22,0
DA:23,0
DA:24,0
DA:25,0
DA:26,0
DA:27,0
DA:30,0
DA:31,0
DA:32,0
DA:33,0
DA:34,0
DA:35,0
DA:36,0
DA:37,0
LF:23
LH:0
end_of_record
SF:lib/features/mainLayout/tabs/orders/api/mapper/driver_orders_dto_mapper.dart
DA:8,1
DA:9,1
DA:10,1
DA:11,2
DA:12,3
LF:5
LH:5
end_of_record
SF:lib/features/mainLayout/tabs/orders/api/mapper/product_data_dto_mapper.dart
DA:6,1
DA:7,1
DA:8,1
DA:9,2
LF:4
LH:4
end_of_record
SF:lib/features/mainLayout/tabs/orders/domain/entity/response/driver_orders_response_entity.dart
DA:6,4
LF:1
LH:1
end_of_record
SF:lib/features/mainLayout/tabs/orders/domain/entity/response/product_data_entity.dart
DA:2,4
DA:12,4
LF:2
LH:2
end_of_record
SF:lib/features/mainLayout/tabs/orders/api/mapper/all_orders_dto_mapper.dart
DA:10,0
DA:11,0
DA:12,0
DA:13,0
DA:14,0
DA:15,0
DA:16,0
DA:17,0
DA:25,0
DA:34,0
LF:10
LH:0
end_of_record
SF:lib/features/mainLayout/tabs/orders/api/mapper/order_dto_mapper.dart
DA:10,0
DA:11,0
DA:12,0
DA:13,0
DA:14,0
DA:15,0
DA:16,0
DA:17,0
DA:18,0
DA:19,0
DA:20,0
DA:21,0
DA:22,0
LF:13
LH:0
end_of_record
SF:lib/features/mainLayout/tabs/orders/api/mapper/store_dto_mapper.dart
DA:5,0
DA:6,0
DA:7,0
DA:8,0
DA:9,0
DA:10,0
DA:11,0
LF:7
LH:0
end_of_record
SF:lib/features/mainLayout/tabs/orders/api/models/reponses/all_orders_dto.dart
DA:10,0
DA:11,0
DA:14,0
DA:35,0
DA:36,0
LF:5
LH:0
end_of_record
SF:lib/features/mainLayout/tabs/orders/api/models/reponses/all_orders_dto.g.dart
DA:9,0
DA:10,0
DA:11,0
DA:12,0
DA:14,0
DA:15,0
DA:16,0
DA:17,0
DA:19,0
DA:22,0
DA:23,0
DA:24,0
DA:25,0
DA:26,0
DA:27,0
DA:28,0
DA:29,0
LF:17
LH:0
end_of_record
SF:lib/features/mainLayout/tabs/orders/domain/entity/response/all_orders_entity.dart
DA:5,1
LF:1
LH:1
end_of_record
SF:lib/features/mainLayout/tabs/orders/domain/entity/response/order_entity.dart
DA:5,1
LF:1
LH:1
end_of_record
SF:lib/features/mainLayout/tabs/orders/domain/entity/response/store_entity.dart
DA:2,1
LF:1
LH:1
end_of_record
SF:lib/features/mainLayout/tabs/orders/domain/entity/response/user_entity.dart
DA:2,1
LF:1
LH:1
end_of_record
SF:lib/features/mainLayout/tabs/orders/api/mapper/meta_data_dto_mapper.dart
DA:5,1
DA:6,1
DA:7,1
DA:8,1
DA:9,1
DA:10,1
LF:6
LH:6
end_of_record
SF:lib/features/mainLayout/tabs/orders/domain/entity/response/meta_data_entity.dart
DA:2,4
LF:1
LH:1
end_of_record
SF:lib/features/mainLayout/tabs/orders/api/models/reponses/meta_data_dto.dart
DA:7,1
DA:14,0
DA:15,0
DA:26,0
DA:27,0
LF:5
LH:1
end_of_record
SF:lib/features/mainLayout/tabs/orders/api/models/reponses/meta_data_dto.g.dart
DA:9,0
DA:10,0
DA:11,0
DA:12,0
DA:13,0
DA:16,0
DA:17,0
DA:18,0
DA:19,0
DA:20,0
DA:21,0
LF:11
LH:0
end_of_record
SF:lib/features/mainLayout/tabs/orders/api/mapper/order_items_dto_mapper.dart
DA:7,0
DA:8,0
DA:9,0
DA:10,0
DA:11,0
DA:12,0
LF:6
LH:0
end_of_record
SF:lib/features/mainLayout/tabs/orders/api/mapper/user_dto_mapper.dart
DA:5,0
DA:6,0
DA:7,0
DA:8,0
DA:9,0
DA:10,0
DA:11,0
DA:12,0
DA:13,0
DA:14,0
LF:10
LH:0
end_of_record
SF:lib/features/mainLayout/tabs/orders/api/models/reponses/order_dto.dart
DA:11,0
DA:25,0
DA:26,0
DA:51,0
DA:52,0
LF:5
LH:0
end_of_record
SF:lib/features/mainLayout/tabs/orders/api/models/reponses/order_dto.g.dart
DA:9,0
DA:10,0
DA:11,0
DA:13,0
DA:14,0
DA:15,0
DA:16,0
DA:17,0
DA:18,0
DA:19,0
DA:20,0
DA:21,0
DA:22,0
DA:23,0
DA:24,0
DA:27,0
DA:28,0
DA:29,0
DA:30,0
DA:31,0
DA:32,0
DA:33,0
DA:34,0
DA:35,0
DA:36,0
DA:37,0
DA:38,0
LF:27
LH:0
end_of_record
SF:lib/features/mainLayout/tabs/orders/api/models/reponses/order_items_dto.dart
DA:9,0
DA:16,0
DA:17,0
DA:28,0
DA:29,0
LF:5
LH:0
end_of_record
SF:lib/features/mainLayout/tabs/orders/api/models/reponses/order_items_dto.g.dart
DA:9,0
DA:10,0
DA:11,0
DA:13,0
DA:14,0
DA:15,0
DA:16,0
DA:19,0
DA:20,0
DA:21,0
DA:22,0
DA:23,0
DA:24,0
LF:13
LH:0
end_of_record
SF:lib/features/mainLayout/tabs/orders/domain/entity/response/order_items_entity.dart
DA:4,0
LF:1
LH:0
end_of_record
SF:lib/features/mainLayout/tabs/orders/api/mapper/product_dto_mapper.dart
DA:5,0
DA:6,0
DA:7,0
DA:8,0
LF:4
LH:0
end_of_record
SF:lib/features/mainLayout/tabs/orders/domain/entity/response/product_entity.dart
DA:2,0
LF:1
LH:0
end_of_record
SF:lib/features/mainLayout/tabs/orders/api/mapper/product_item_dto_mapper.dart
DA:5,1
DA:6,1
DA:7,1
DA:8,1
DA:9,1
DA:10,1
DA:11,1
DA:12,1
LF:8
LH:8
end_of_record
SF:lib/features/mainLayout/tabs/orders/api/models/reponses/product_dto.dart
DA:8,0
DA:13,0
DA:14,0
DA:21,0
DA:22,0
LF:5
LH:0
end_of_record
SF:lib/features/mainLayout/tabs/orders/api/models/reponses/product_dto.g.dart
DA:9,0
DA:10,0
DA:11,0
DA:14,0
DA:15,0
LF:5
LH:0
end_of_record
SF:lib/features/mainLayout/tabs/orders/api/models/reponses/store_dto.dart
DA:9,0
DA:17,0
DA:18,0
DA:31,0
DA:32,0
LF:5
LH:0
end_of_record
SF:lib/features/mainLayout/tabs/orders/api/models/reponses/store_dto.g.dart
DA:9,0
DA:10,0
DA:11,0
DA:12,0
DA:13,0
DA:14,0
DA:17,0
DA:18,0
DA:19,0
DA:20,0
DA:21,0
DA:22,0
LF:12
LH:0
end_of_record
SF:lib/features/mainLayout/tabs/orders/api/models/reponses/user_dto.dart
DA:8,0
DA:19,0
DA:20,0
DA:39,0
DA:40,0
LF:5
LH:0
end_of_record
SF:lib/features/mainLayout/tabs/orders/api/models/reponses/user_dto.g.dart
DA:9,0
DA:10,0
DA:11,0
DA:12,0
DA:13,0
DA:14,0
DA:15,0
DA:16,0
DA:17,0
DA:20,0
DA:21,0
DA:22,0
DA:23,0
DA:24,0
DA:25,0
DA:26,0
DA:27,0
DA:28,0
LF:18
LH:0
end_of_record
SF:lib/features/mainLayout/tabs/orders/presentation/viewModels/orders_event.dart
DA:5,1
LF:1
LH:1
end_of_record
SF:lib/features/mainLayout/tabs/orders/presentation/viewModels/orders_states.dart
DA:9,3
DA:22,1
DA:23,1
DA:24,1
DA:25,1
DA:26,1
DA:27,1
DA:30,1
DA:36,1
DA:37,0
DA:38,1
DA:40,1
DA:41,1
LF:13
LH:12
end_of_record
SF:lib/features/orderDetails/api/models/request/update_order_status_with_api_model.dart
DA:7,0
DA:9,0
DA:10,0
DA:13,0
LF:4
LH:0
end_of_record
SF:lib/features/orderDetails/api/models/request/update_order_status_with_api_model.g.dart
DA:9,0
DA:11,0
DA:13,0
DA:15,0
LF:4
LH:0
end_of_record
SF:lib/features/orderDetails/api/models/request/location_request_model.dart
DA:7,0
DA:9,0
DA:10,0
DA:16,2
LF:4
LH:1
end_of_record
SF:lib/features/orderDetails/api/models/request/location_request_model.g.dart
DA:9,0
DA:11,0
DA:12,0
DA:13,0
DA:16,1
DA:18,3
LF:6
LH:2
end_of_record
SF:lib/features/orderDetails/api/models/request/update_order_status_with_server_model.dart
DA:7,0
DA:12,0
DA:14,0
DA:19,1
DA:20,1
LF:5
LH:2
end_of_record
SF:lib/features/orderDetails/api/models/request/update_order_status_with_server_model.g.dart
DA:9,0
DA:11,0
DA:12,0
DA:13,0
DA:16,1
DA:18,1
DA:19,1
DA:20,1
LF:8
LH:4
end_of_record
SF:lib/features/orderDetails/presentation/ViewModel/order_details_events.dart
DA:10,0
DA:16,1
DA:25,1
DA:34,1
LF:4
LH:3
end_of_record
SF:lib/features/orderDetails/presentation/ViewModel/order_details_state.dart
DA:6,3
DA:26,1
DA:36,1
DA:37,1
DA:38,1
DA:39,1
DA:41,1
DA:43,1
DA:45,1
DA:46,1
DA:47,1
DA:51,1
DA:52,1
DA:53,1
DA:54,1
DA:55,1
DA:56,1
DA:57,1
DA:58,1
DA:59,1
DA:60,1
LF:21
LH:21
end_of_record
SF:lib/features/resetPassword/api/model/request/reset_password_request_model.dart
DA:7,4
DA:18,0
LF:2
LH:1
end_of_record
SF:lib/features/resetPassword/api/model/request/reset_password_request_model.g.dart
DA:9,0
DA:11,0
DA:12,0
DA:13,0
DA:16,0
DA:18,0
DA:19,0
DA:20,0
LF:8
LH:0
end_of_record
SF:lib/features/resetPassword/presentation/veiwModel/reset_password_stats.dart
DA:5,3
DA:14,1
DA:19,1
DA:20,0
DA:21,1
DA:22,1
DA:26,1
DA:27,4
LF:8
LH:7
end_of_record
SF:lib/core/functions/call_number.dart
DA:3,1
DA:4,1
DA:5,1
DA:6,1
DA:8,1
LF:5
LH:5
end_of_record
SF:lib/core/functions/get_status_from_step.dart
DA:3,1
DA:5,1
DA:7,1
DA:9,1
DA:11,1
DA:13,1
LF:6
LH:6
end_of_record
